

Started GET "/" for 127.0.0.1 at 2012-11-23 17:21:17 +0530
Connecting to database specified by database.yml
Processing by MainController#index as HTML
  Rendered main/index.html.erb within layouts/main (382.8ms)
Completed 200 OK in 1678ms (Views: 1677.6ms | ActiveRecord: 0.0ms)


Started GET "/assets/jquery-rails.js" for 127.0.0.1 at 2012-11-23 17:21:27 +0530
Served asset /jquery-rails.js - 404 Not Found (15ms)

ActionController::RoutingError (No route matches [GET] "/assets/jquery-rails.js"):
  actionpack (3.2.6) lib/action_dispatch/middleware/debug_exceptions.rb:21:in `call'
  actionpack (3.2.6) lib/action_dispatch/middleware/show_exceptions.rb:56:in `call'
  railties (3.2.6) lib/rails/rack/logger.rb:26:in `call_app'
  railties (3.2.6) lib/rails/rack/logger.rb:16:in `call'
  actionpack (3.2.6) lib/action_dispatch/middleware/request_id.rb:22:in `call'
  rack (1.4.1) lib/rack/methodoverride.rb:21:in `call'
  rack (1.4.1) lib/rack/runtime.rb:17:in `call'
  activesupport (3.2.6) lib/active_support/cache/strategy/local_cache.rb:72:in `call'
  rack (1.4.1) lib/rack/lock.rb:15:in `call'
  actionpack (3.2.6) lib/action_dispatch/middleware/static.rb:62:in `call'
  railties (3.2.6) lib/rails/engine.rb:479:in `call'
  railties (3.2.6) lib/rails/application.rb:220:in `call'
  rack (1.4.1) lib/rack/content_length.rb:14:in `call'
  railties (3.2.6) lib/rails/rack/log_tailer.rb:17:in `call'
  rack (1.4.1) lib/rack/handler/webrick.rb:59:in `service'
  C:/Ruby193/lib/ruby/1.9.1/webrick/httpserver.rb:138:in `service'
  C:/Ruby193/lib/ruby/1.9.1/webrick/httpserver.rb:94:in `run'
  C:/Ruby193/lib/ruby/1.9.1/webrick/server.rb:191:in `block in start_thread'


  Rendered C:/Ruby193/lib/ruby/gems/1.9.1/gems/actionpack-3.2.6/lib/action_dispatch/middleware/templates/rescues/routing_error.erb within rescues/layout (0.0ms)


Started GET "/assets/jquery.js?body=1" for 127.0.0.1 at 2012-11-23 17:21:27 +0530
Served asset /jquery.js - 304 Not Modified (15ms)


Started GET "/assets/jquery-1.2.3.min.js?body=1" for 127.0.0.1 at 2012-11-23 17:21:27 +0530
Served asset /jquery-1.2.3.min.js - 304 Not Modified (46ms)


Started GET "/assets/jquery-1.8.0.min.js?body=1" for 127.0.0.1 at 2012-11-23 17:21:27 +0530
Served asset /jquery-1.8.0.min.js - 304 Not Modified (109ms)


Started GET "/assets/jquery-ui-1.8.23.custom.min.js?body=1" for 127.0.0.1 at 2012-11-23 17:21:27 +0530
Served asset /jquery-ui-1.8.23.custom.min.js - 304 Not Modified (187ms)


Started GET "/assets/easySlider1.5.js?body=1" for 127.0.0.1 at 2012-11-23 17:21:27 +0530
Served asset /easySlider1.5.js - 304 Not Modified (0ms)


Started GET "/assets/main.js?body=1" for 127.0.0.1 at 2012-11-23 17:21:28 +0530
Served asset /main.js - 304 Not Modified (0ms)


Started GET "/assets/jquery.easing.min.js?body=1" for 127.0.0.1 at 2012-11-23 17:21:28 +0530
Served asset /jquery.easing.min.js - 304 Not Modified (46ms)


Started GET "/assets/jquery.lavalamp.min.js?body=1" for 127.0.0.1 at 2012-11-23 17:21:28 +0530
Served asset /jquery.lavalamp.min.js - 304 Not Modified (0ms)


Started GET "/assets/style.css?body=1" for 127.0.0.1 at 2012-11-23 17:21:28 +0530
Served asset /style.css - 304 Not Modified (15ms)


Started GET "/assets/lavalamp.css?body=1" for 127.0.0.1 at 2012-11-23 17:21:28 +0530
Served asset /lavalamp.css - 304 Not Modified (0ms)


Started GET "/assets/jquery-ui-1.9.1.custom.min.css?body=1" for 127.0.0.1 at 2012-11-23 17:21:28 +0530
Served asset /jquery-ui-1.9.1.custom.min.css - 304 Not Modified (15ms)


Started GET "/assets/jquery-ui-1.9.1.custom.css?body=1" for 127.0.0.1 at 2012-11-23 17:21:28 +0530
Served asset /jquery-ui-1.9.1.custom.css - 304 Not Modified (31ms)


Started GET "/assets/bg.gif" for 127.0.0.1 at 2012-11-23 17:21:29 +0530
Served asset /bg.gif - 304 Not Modified (46ms)


Started GET "/assets/header_inner.jpg" for 127.0.0.1 at 2012-11-23 17:21:29 +0530
Served asset /header_inner.jpg - 200 OK (670ms)


Started GET "/assets/Commitment.jpg" for 127.0.0.1 at 2012-11-23 17:21:30 +0530
Served asset /Commitment.jpg - 304 Not Modified (0ms)


Started GET "/assets/Responsibility.jpg" for 127.0.0.1 at 2012-11-23 17:21:30 +0530
Served asset /Responsibility.jpg - 304 Not Modified (62ms)


Started GET "/assets/Honesty.jpg" for 127.0.0.1 at 2012-11-23 17:21:30 +0530
Served asset /Honesty.jpg - 304 Not Modified (31ms)


Started GET "/assets/Risk%20Management.jpg" for 127.0.0.1 at 2012-11-23 17:21:30 +0530
Served asset /Risk%20Management.jpg - 304 Not Modified (15ms)


Started GET "/assets/Systems%20Audit.jpg" for 127.0.0.1 at 2012-11-23 17:21:30 +0530
Served asset /Systems%20Audit.jpg - 304 Not Modified (0ms)


Started GET "/assets/icon8.png" for 127.0.0.1 at 2012-11-23 17:21:30 +0530
Served asset /icon8.png - 304 Not Modified (78ms)


Started GET "/assets/icon7.png" for 127.0.0.1 at 2012-11-23 17:21:30 +0530
Served asset /icon7.png - 304 Not Modified (46ms)


Started GET "/assets/footer2.gif" for 127.0.0.1 at 2012-11-23 17:21:30 +0530
Served asset /footer2.gif - 304 Not Modified (62ms)


Started GET "/assets/lava.png" for 127.0.0.1 at 2012-11-23 17:21:30 +0530
Served asset /lava.png - 304 Not Modified (187ms)


Started GET "/assets/btn_prev.png" for 127.0.0.1 at 2012-11-23 17:21:31 +0530
Served asset /btn_prev.png - 304 Not Modified (15ms)


Started GET "/assets/btn_next.png" for 127.0.0.1 at 2012-11-23 17:21:31 +0530
Served asset /btn_next.png - 304 Not Modified (31ms)


Started GET "/" for 127.0.0.1 at 2012-11-23 17:25:15 +0530
Processing by MainController#index as HTML
  Rendered main/index.html.erb within layouts/main (15.6ms)
Completed 200 OK in 125ms (Views: 124.8ms | ActiveRecord: 0.0ms)


Started GET "/assets/jquery-1.8.0.min.js?body=1" for 127.0.0.1 at 2012-11-23 17:25:15 +0530
Served asset /jquery-1.8.0.min.js - 304 Not Modified (0ms)


Started GET "/assets/jquery.js?body=1" for 127.0.0.1 at 2012-11-23 17:25:15 +0530
Served asset /jquery.js - 304 Not Modified (0ms)


Started GET "/assets/jquery-rails.js" for 127.0.0.1 at 2012-11-23 17:25:15 +0530
Served asset /jquery-rails.js - 404 Not Found (15ms)

ActionController::RoutingError (No route matches [GET] "/assets/jquery-rails.js"):
  actionpack (3.2.6) lib/action_dispatch/middleware/debug_exceptions.rb:21:in `call'
  actionpack (3.2.6) lib/action_dispatch/middleware/show_exceptions.rb:56:in `call'
  railties (3.2.6) lib/rails/rack/logger.rb:26:in `call_app'
  railties (3.2.6) lib/rails/rack/logger.rb:16:in `call'
  actionpack (3.2.6) lib/action_dispatch/middleware/request_id.rb:22:in `call'
  rack (1.4.1) lib/rack/methodoverride.rb:21:in `call'
  rack (1.4.1) lib/rack/runtime.rb:17:in `call'
  activesupport (3.2.6) lib/active_support/cache/strategy/local_cache.rb:72:in `call'
  rack (1.4.1) lib/rack/lock.rb:15:in `call'
  actionpack (3.2.6) lib/action_dispatch/middleware/static.rb:62:in `call'
  railties (3.2.6) lib/rails/engine.rb:479:in `call'
  railties (3.2.6) lib/rails/application.rb:220:in `call'
  rack (1.4.1) lib/rack/content_length.rb:14:in `call'
  railties (3.2.6) lib/rails/rack/log_tailer.rb:17:in `call'
  rack (1.4.1) lib/rack/handler/webrick.rb:59:in `service'
  C:/Ruby193/lib/ruby/1.9.1/webrick/httpserver.rb:138:in `service'
  C:/Ruby193/lib/ruby/1.9.1/webrick/httpserver.rb:94:in `run'
  C:/Ruby193/lib/ruby/1.9.1/webrick/server.rb:191:in `block in start_thread'


  Rendered C:/Ruby193/lib/ruby/gems/1.9.1/gems/actionpack-3.2.6/lib/action_dispatch/middleware/templates/rescues/routing_error.erb within rescues/layout (0.0ms)


Started GET "/assets/jquery-ui-1.8.23.custom.min.js?body=1" for 127.0.0.1 at 2012-11-23 17:25:15 +0530
Served asset /jquery-ui-1.8.23.custom.min.js - 304 Not Modified (0ms)


Started GET "/assets/jquery-1.2.3.min.js?body=1" for 127.0.0.1 at 2012-11-23 17:25:16 +0530
Served asset /jquery-1.2.3.min.js - 304 Not Modified (0ms)


Started GET "/assets/easySlider1.5.js?body=1" for 127.0.0.1 at 2012-11-23 17:25:16 +0530
Served asset /easySlider1.5.js - 304 Not Modified (0ms)


Started GET "/assets/main.js?body=1" for 127.0.0.1 at 2012-11-23 17:25:16 +0530
Served asset /main.js - 304 Not Modified (0ms)


Started GET "/assets/jquery.easing.min.js?body=1" for 127.0.0.1 at 2012-11-23 17:25:16 +0530
Served asset /jquery.easing.min.js - 304 Not Modified (0ms)


Started GET "/assets/jquery.lavalamp.min.js?body=1" for 127.0.0.1 at 2012-11-23 17:25:16 +0530
Served asset /jquery.lavalamp.min.js - 304 Not Modified (0ms)


Started GET "/assets/style.css?body=1" for 127.0.0.1 at 2012-11-23 17:25:16 +0530
Served asset /style.css - 304 Not Modified (0ms)


Started GET "/assets/lavalamp.css?body=1" for 127.0.0.1 at 2012-11-23 17:25:16 +0530
Served asset /lavalamp.css - 304 Not Modified (0ms)


Started GET "/assets/jquery-ui-1.9.1.custom.min.css?body=1" for 127.0.0.1 at 2012-11-23 17:25:16 +0530
Served asset /jquery-ui-1.9.1.custom.min.css - 304 Not Modified (0ms)


Started GET "/assets/jquery-ui-1.9.1.custom.css?body=1" for 127.0.0.1 at 2012-11-23 17:25:16 +0530
Served asset /jquery-ui-1.9.1.custom.css - 304 Not Modified (0ms)


Started GET "/assets/bg.gif" for 127.0.0.1 at 2012-11-23 17:25:17 +0530
Served asset /bg.gif - 304 Not Modified (0ms)


Started GET "/assets/header_inner.jpg" for 127.0.0.1 at 2012-11-23 17:25:17 +0530
Served asset /header_inner.jpg - 304 Not Modified (0ms)


Started GET "/assets/Commitment.jpg" for 127.0.0.1 at 2012-11-23 17:25:17 +0530
Served asset /Commitment.jpg - 304 Not Modified (4ms)


Started GET "/assets/Honesty.jpg" for 127.0.0.1 at 2012-11-23 17:25:17 +0530
Served asset /Honesty.jpg - 304 Not Modified (0ms)


Started GET "/assets/Responsibility.jpg" for 127.0.0.1 at 2012-11-23 17:25:17 +0530
Served asset /Responsibility.jpg - 304 Not Modified (1ms)


Started GET "/assets/Risk%20Management.jpg" for 127.0.0.1 at 2012-11-23 17:25:17 +0530
Served asset /Risk%20Management.jpg - 304 Not Modified (0ms)


Started GET "/assets/Systems%20Audit.jpg" for 127.0.0.1 at 2012-11-23 17:25:17 +0530
Served asset /Systems%20Audit.jpg - 304 Not Modified (0ms)


Started GET "/assets/icon8.png" for 127.0.0.1 at 2012-11-23 17:25:17 +0530
Served asset /icon8.png - 304 Not Modified (0ms)


Started GET "/assets/icon7.png" for 127.0.0.1 at 2012-11-23 17:25:17 +0530
Served asset /icon7.png - 304 Not Modified (1ms)


Started GET "/assets/footer2.gif" for 127.0.0.1 at 2012-11-23 17:25:17 +0530
Served asset /footer2.gif - 304 Not Modified (0ms)


Started GET "/assets/lava.png" for 127.0.0.1 at 2012-11-23 17:25:17 +0530
Served asset /lava.png - 304 Not Modified (0ms)


Started GET "/assets/btn_prev.png" for 127.0.0.1 at 2012-11-23 17:25:17 +0530
Served asset /btn_prev.png - 304 Not Modified (0ms)


Started GET "/assets/btn_next.png" for 127.0.0.1 at 2012-11-23 17:25:18 +0530
Served asset /btn_next.png - 304 Not Modified (0ms)


Started GET "/" for 127.0.0.1 at 2012-11-23 17:27:47 +0530
Processing by MainController#index as HTML
  Rendered main/index.html.erb within layouts/main (15.6ms)
Completed 200 OK in 78ms (Views: 78.0ms | ActiveRecord: 0.0ms)


Started GET "/assets/jquery-1.8.0.min.js?body=1" for 127.0.0.1 at 2012-11-23 17:27:47 +0530
Served asset /jquery-1.8.0.min.js - 304 Not Modified (0ms)


Started GET "/assets/jquery-rails.js" for 127.0.0.1 at 2012-11-23 17:27:47 +0530
Served asset /jquery-rails.js - 404 Not Found (15ms)

ActionController::RoutingError (No route matches [GET] "/assets/jquery-rails.js"):
  actionpack (3.2.6) lib/action_dispatch/middleware/debug_exceptions.rb:21:in `call'
  actionpack (3.2.6) lib/action_dispatch/middleware/show_exceptions.rb:56:in `call'
  railties (3.2.6) lib/rails/rack/logger.rb:26:in `call_app'
  railties (3.2.6) lib/rails/rack/logger.rb:16:in `call'
  actionpack (3.2.6) lib/action_dispatch/middleware/request_id.rb:22:in `call'
  rack (1.4.1) lib/rack/methodoverride.rb:21:in `call'
  rack (1.4.1) lib/rack/runtime.rb:17:in `call'
  activesupport (3.2.6) lib/active_support/cache/strategy/local_cache.rb:72:in `call'
  rack (1.4.1) lib/rack/lock.rb:15:in `call'
  actionpack (3.2.6) lib/action_dispatch/middleware/static.rb:62:in `call'
  railties (3.2.6) lib/rails/engine.rb:479:in `call'
  railties (3.2.6) lib/rails/application.rb:220:in `call'
  rack (1.4.1) lib/rack/content_length.rb:14:in `call'
  railties (3.2.6) lib/rails/rack/log_tailer.rb:17:in `call'
  rack (1.4.1) lib/rack/handler/webrick.rb:59:in `service'
  C:/Ruby193/lib/ruby/1.9.1/webrick/httpserver.rb:138:in `service'
  C:/Ruby193/lib/ruby/1.9.1/webrick/httpserver.rb:94:in `run'
  C:/Ruby193/lib/ruby/1.9.1/webrick/server.rb:191:in `block in start_thread'


  Rendered C:/Ruby193/lib/ruby/gems/1.9.1/gems/actionpack-3.2.6/lib/action_dispatch/middleware/templates/rescues/routing_error.erb within rescues/layout (0.0ms)


Started GET "/assets/jquery.js?body=1" for 127.0.0.1 at 2012-11-23 17:27:47 +0530
Served asset /jquery.js - 304 Not Modified (0ms)


Started GET "/assets/jquery-1.2.3.min.js?body=1" for 127.0.0.1 at 2012-11-23 17:27:47 +0530
Served asset /jquery-1.2.3.min.js - 304 Not Modified (0ms)


Started GET "/assets/jquery-ui-1.8.23.custom.min.js?body=1" for 127.0.0.1 at 2012-11-23 17:27:47 +0530
Served asset /jquery-ui-1.8.23.custom.min.js - 304 Not Modified (0ms)


Started GET "/assets/main.js?body=1" for 127.0.0.1 at 2012-11-23 17:27:47 +0530
Served asset /main.js - 304 Not Modified (0ms)


Started GET "/assets/easySlider1.5.js?body=1" for 127.0.0.1 at 2012-11-23 17:27:47 +0530
Served asset /easySlider1.5.js - 304 Not Modified (0ms)


Started GET "/assets/jquery.easing.min.js?body=1" for 127.0.0.1 at 2012-11-23 17:27:47 +0530
Served asset /jquery.easing.min.js - 304 Not Modified (0ms)


Started GET "/assets/jquery.lavalamp.min.js?body=1" for 127.0.0.1 at 2012-11-23 17:27:47 +0530
Served asset /jquery.lavalamp.min.js - 304 Not Modified (0ms)


Started GET "/assets/style.css?body=1" for 127.0.0.1 at 2012-11-23 17:27:48 +0530
Served asset /style.css - 304 Not Modified (0ms)


Started GET "/assets/lavalamp.css?body=1" for 127.0.0.1 at 2012-11-23 17:27:48 +0530
Served asset /lavalamp.css - 304 Not Modified (0ms)


Started GET "/assets/jquery-ui-1.9.1.custom.css?body=1" for 127.0.0.1 at 2012-11-23 17:27:48 +0530
Served asset /jquery-ui-1.9.1.custom.css - 304 Not Modified (0ms)


Started GET "/assets/jquery-ui-1.9.1.custom.min.css?body=1" for 127.0.0.1 at 2012-11-23 17:27:48 +0530
Served asset /jquery-ui-1.9.1.custom.min.css - 304 Not Modified (0ms)


Started GET "/assets/bg.gif" for 127.0.0.1 at 2012-11-23 17:27:48 +0530
Served asset /bg.gif - 304 Not Modified (0ms)


Started GET "/assets/Commitment.jpg" for 127.0.0.1 at 2012-11-23 17:27:48 +0530
Served asset /Commitment.jpg - 304 Not Modified (0ms)


Started GET "/assets/header_inner.jpg" for 127.0.0.1 at 2012-11-23 17:27:48 +0530
Served asset /header_inner.jpg - 304 Not Modified (0ms)


Started GET "/assets/Honesty.jpg" for 127.0.0.1 at 2012-11-23 17:27:48 +0530
Served asset /Honesty.jpg - 304 Not Modified (0ms)


Started GET "/assets/Responsibility.jpg" for 127.0.0.1 at 2012-11-23 17:27:48 +0530
Served asset /Responsibility.jpg - 304 Not Modified (0ms)


Started GET "/assets/Risk%20Management.jpg" for 127.0.0.1 at 2012-11-23 17:27:49 +0530
Served asset /Risk%20Management.jpg - 304 Not Modified (0ms)


Started GET "/assets/Systems%20Audit.jpg" for 127.0.0.1 at 2012-11-23 17:27:49 +0530
Served asset /Systems%20Audit.jpg - 304 Not Modified (0ms)


Started GET "/assets/icon8.png" for 127.0.0.1 at 2012-11-23 17:27:49 +0530
Served asset /icon8.png - 304 Not Modified (0ms)


Started GET "/assets/icon7.png" for 127.0.0.1 at 2012-11-23 17:27:49 +0530
Served asset /icon7.png - 304 Not Modified (0ms)


Started GET "/assets/footer2.gif" for 127.0.0.1 at 2012-11-23 17:27:49 +0530
Served asset /footer2.gif - 304 Not Modified (0ms)


Started GET "/assets/lava.png" for 127.0.0.1 at 2012-11-23 17:27:49 +0530
Served asset /lava.png - 304 Not Modified (0ms)


Started GET "/assets/btn_prev.png" for 127.0.0.1 at 2012-11-23 17:27:49 +0530
Served asset /btn_prev.png - 304 Not Modified (0ms)


Started GET "/assets/btn_next.png" for 127.0.0.1 at 2012-11-23 17:27:49 +0530
Served asset /btn_next.png - 304 Not Modified (0ms)


Started GET "/" for 127.0.0.1 at 2012-11-23 17:38:20 +0530
Processing by MainController#index as HTML
  Rendered main/index.html.erb within layouts/main (0.0ms)
Completed 200 OK in 78ms (Views: 78.0ms | ActiveRecord: 0.0ms)


Started GET "/assets/jquery-rails.js" for 127.0.0.1 at 2012-11-23 17:38:20 +0530
Served asset /jquery-rails.js - 404 Not Found (31ms)

ActionController::RoutingError (No route matches [GET] "/assets/jquery-rails.js"):
  actionpack (3.2.6) lib/action_dispatch/middleware/debug_exceptions.rb:21:in `call'
  actionpack (3.2.6) lib/action_dispatch/middleware/show_exceptions.rb:56:in `call'
  railties (3.2.6) lib/rails/rack/logger.rb:26:in `call_app'
  railties (3.2.6) lib/rails/rack/logger.rb:16:in `call'
  actionpack (3.2.6) lib/action_dispatch/middleware/request_id.rb:22:in `call'
  rack (1.4.1) lib/rack/methodoverride.rb:21:in `call'
  rack (1.4.1) lib/rack/runtime.rb:17:in `call'
  activesupport (3.2.6) lib/active_support/cache/strategy/local_cache.rb:72:in `call'
  rack (1.4.1) lib/rack/lock.rb:15:in `call'
  actionpack (3.2.6) lib/action_dispatch/middleware/static.rb:62:in `call'
  railties (3.2.6) lib/rails/engine.rb:479:in `call'
  railties (3.2.6) lib/rails/application.rb:220:in `call'
  rack (1.4.1) lib/rack/content_length.rb:14:in `call'
  railties (3.2.6) lib/rails/rack/log_tailer.rb:17:in `call'
  rack (1.4.1) lib/rack/handler/webrick.rb:59:in `service'
  C:/Ruby193/lib/ruby/1.9.1/webrick/httpserver.rb:138:in `service'
  C:/Ruby193/lib/ruby/1.9.1/webrick/httpserver.rb:94:in `run'
  C:/Ruby193/lib/ruby/1.9.1/webrick/server.rb:191:in `block in start_thread'


  Rendered C:/Ruby193/lib/ruby/gems/1.9.1/gems/actionpack-3.2.6/lib/action_dispatch/middleware/templates/rescues/routing_error.erb within rescues/layout (0.0ms)


Started GET "/assets/jquery-1.2.3.min.js?body=1" for 127.0.0.1 at 2012-11-23 17:38:20 +0530
Served asset /jquery-1.2.3.min.js - 304 Not Modified (0ms)


Started GET "/assets/jquery-ui-1.8.23.custom.min.js?body=1" for 127.0.0.1 at 2012-11-23 17:38:20 +0530
Served asset /jquery-ui-1.8.23.custom.min.js - 304 Not Modified (0ms)


Started GET "/assets/jquery-1.8.0.min.js?body=1" for 127.0.0.1 at 2012-11-23 17:38:20 +0530
Served asset /jquery-1.8.0.min.js - 304 Not Modified (0ms)


Started GET "/assets/jquery.js?body=1" for 127.0.0.1 at 2012-11-23 17:38:20 +0530
Served asset /jquery.js - 304 Not Modified (0ms)


Started GET "/assets/easySlider1.5.js?body=1" for 127.0.0.1 at 2012-11-23 17:38:20 +0530
Served asset /easySlider1.5.js - 304 Not Modified (0ms)


Started GET "/assets/main.js?body=1" for 127.0.0.1 at 2012-11-23 17:38:21 +0530
Served asset /main.js - 304 Not Modified (0ms)


Started GET "/assets/jquery.easing.min.js?body=1" for 127.0.0.1 at 2012-11-23 17:38:21 +0530
Served asset /jquery.easing.min.js - 304 Not Modified (0ms)


Started GET "/assets/jquery.lavalamp.min.js?body=1" for 127.0.0.1 at 2012-11-23 17:38:21 +0530
Served asset /jquery.lavalamp.min.js - 304 Not Modified (0ms)


Started GET "/assets/style.css?body=1" for 127.0.0.1 at 2012-11-23 17:38:21 +0530
Served asset /style.css - 304 Not Modified (0ms)


Started GET "/assets/lavalamp.css?body=1" for 127.0.0.1 at 2012-11-23 17:38:21 +0530
Served asset /lavalamp.css - 304 Not Modified (0ms)


Started GET "/assets/jquery-ui-1.9.1.custom.min.css?body=1" for 127.0.0.1 at 2012-11-23 17:38:21 +0530
Served asset /jquery-ui-1.9.1.custom.min.css - 304 Not Modified (0ms)


Started GET "/assets/jquery-ui-1.9.1.custom.css?body=1" for 127.0.0.1 at 2012-11-23 17:38:21 +0530
Served asset /jquery-ui-1.9.1.custom.css - 304 Not Modified (0ms)


Started GET "/assets/header_inner.jpg" for 127.0.0.1 at 2012-11-23 17:38:22 +0530
Served asset /header_inner.jpg - 304 Not Modified (15ms)


Started GET "/assets/bg.gif" for 127.0.0.1 at 2012-11-23 17:38:22 +0530
Served asset /bg.gif - 304 Not Modified (0ms)


Started GET "/assets/Commitment.jpg" for 127.0.0.1 at 2012-11-23 17:38:22 +0530
Served asset /Commitment.jpg - 304 Not Modified (0ms)


Started GET "/assets/Honesty.jpg" for 127.0.0.1 at 2012-11-23 17:38:22 +0530
Served asset /Honesty.jpg - 304 Not Modified (0ms)


Started GET "/assets/Risk%20Management.jpg" for 127.0.0.1 at 2012-11-23 17:38:22 +0530
Served asset /Risk%20Management.jpg - 304 Not Modified (0ms)


Started GET "/assets/Responsibility.jpg" for 127.0.0.1 at 2012-11-23 17:38:22 +0530
Served asset /Responsibility.jpg - 304 Not Modified (0ms)


Started GET "/assets/Systems%20Audit.jpg" for 127.0.0.1 at 2012-11-23 17:38:22 +0530
Served asset /Systems%20Audit.jpg - 304 Not Modified (0ms)


Started GET "/assets/icon8.png" for 127.0.0.1 at 2012-11-23 17:38:22 +0530
Served asset /icon8.png - 304 Not Modified (0ms)


Started GET "/assets/footer2.gif" for 127.0.0.1 at 2012-11-23 17:38:22 +0530
Served asset /footer2.gif - 304 Not Modified (0ms)


Started GET "/assets/icon7.png" for 127.0.0.1 at 2012-11-23 17:38:22 +0530
Served asset /icon7.png - 304 Not Modified (0ms)


Started GET "/assets/lava.png" for 127.0.0.1 at 2012-11-23 17:38:22 +0530
Served asset /lava.png - 304 Not Modified (0ms)


Started GET "/assets/btn_prev.png" for 127.0.0.1 at 2012-11-23 17:38:22 +0530
Served asset /btn_prev.png - 304 Not Modified (0ms)


Started GET "/assets/btn_next.png" for 127.0.0.1 at 2012-11-23 17:38:22 +0530
Served asset /btn_next.png - 304 Not Modified (0ms)


Started GET "/main/services" for 127.0.0.1 at 2012-11-23 17:39:17 +0530
Processing by MainController#services as HTML
  Rendered main/services.html.erb within layouts/main (15.6ms)
Completed 200 OK in 109ms (Views: 109.2ms | ActiveRecord: 0.0ms)


Started GET "/assets/jquery-rails.js" for 127.0.0.1 at 2012-11-23 17:39:17 +0530
Served asset /jquery-rails.js - 404 Not Found (15ms)

ActionController::RoutingError (No route matches [GET] "/assets/jquery-rails.js"):
  actionpack (3.2.6) lib/action_dispatch/middleware/debug_exceptions.rb:21:in `call'
  actionpack (3.2.6) lib/action_dispatch/middleware/show_exceptions.rb:56:in `call'
  railties (3.2.6) lib/rails/rack/logger.rb:26:in `call_app'
  railties (3.2.6) lib/rails/rack/logger.rb:16:in `call'
  actionpack (3.2.6) lib/action_dispatch/middleware/request_id.rb:22:in `call'
  rack (1.4.1) lib/rack/methodoverride.rb:21:in `call'
  rack (1.4.1) lib/rack/runtime.rb:17:in `call'
  activesupport (3.2.6) lib/active_support/cache/strategy/local_cache.rb:72:in `call'
  rack (1.4.1) lib/rack/lock.rb:15:in `call'
  actionpack (3.2.6) lib/action_dispatch/middleware/static.rb:62:in `call'
  railties (3.2.6) lib/rails/engine.rb:479:in `call'
  railties (3.2.6) lib/rails/application.rb:220:in `call'
  rack (1.4.1) lib/rack/content_length.rb:14:in `call'
  railties (3.2.6) lib/rails/rack/log_tailer.rb:17:in `call'
  rack (1.4.1) lib/rack/handler/webrick.rb:59:in `service'
  C:/Ruby193/lib/ruby/1.9.1/webrick/httpserver.rb:138:in `service'
  C:/Ruby193/lib/ruby/1.9.1/webrick/httpserver.rb:94:in `run'
  C:/Ruby193/lib/ruby/1.9.1/webrick/server.rb:191:in `block in start_thread'


  Rendered C:/Ruby193/lib/ruby/gems/1.9.1/gems/actionpack-3.2.6/lib/action_dispatch/middleware/templates/rescues/routing_error.erb within rescues/layout (0.0ms)


Started GET "/assets/jquery.js?body=1" for 127.0.0.1 at 2012-11-23 17:39:17 +0530
Served asset /jquery.js - 304 Not Modified (0ms)


Started GET "/assets/easySlider1.5.js?body=1" for 127.0.0.1 at 2012-11-23 17:39:17 +0530
Served asset /easySlider1.5.js - 304 Not Modified (0ms)


Started GET "/assets/jquery-1.2.3.min.js?body=1" for 127.0.0.1 at 2012-11-23 17:39:17 +0530
Served asset /jquery-1.2.3.min.js - 304 Not Modified (0ms)


Started GET "/assets/jquery-ui-1.8.23.custom.min.js?body=1" for 127.0.0.1 at 2012-11-23 17:39:17 +0530
Served asset /jquery-ui-1.8.23.custom.min.js - 304 Not Modified (0ms)


Started GET "/assets/jquery-1.8.0.min.js?body=1" for 127.0.0.1 at 2012-11-23 17:39:17 +0530
Served asset /jquery-1.8.0.min.js - 304 Not Modified (0ms)


Started GET "/assets/main.js?body=1" for 127.0.0.1 at 2012-11-23 17:39:17 +0530
Served asset /main.js - 304 Not Modified (0ms)


Started GET "/assets/jquery.easing.min.js?body=1" for 127.0.0.1 at 2012-11-23 17:39:18 +0530
Served asset /jquery.easing.min.js - 304 Not Modified (0ms)


Started GET "/assets/jquery.lavalamp.min.js?body=1" for 127.0.0.1 at 2012-11-23 17:39:18 +0530
Served asset /jquery.lavalamp.min.js - 304 Not Modified (0ms)


Started GET "/assets/style.css?body=1" for 127.0.0.1 at 2012-11-23 17:39:18 +0530
Served asset /style.css - 304 Not Modified (0ms)


Started GET "/assets/lavalamp.css?body=1" for 127.0.0.1 at 2012-11-23 17:39:18 +0530
Served asset /lavalamp.css - 304 Not Modified (0ms)


Started GET "/assets/jquery-ui-1.9.1.custom.min.css?body=1" for 127.0.0.1 at 2012-11-23 17:39:18 +0530
Served asset /jquery-ui-1.9.1.custom.min.css - 304 Not Modified (0ms)


Started GET "/assets/jquery-ui-1.9.1.custom.css?body=1" for 127.0.0.1 at 2012-11-23 17:39:18 +0530
Served asset /jquery-ui-1.9.1.custom.css - 304 Not Modified (0ms)


Started GET "/assets/bg.gif" for 127.0.0.1 at 2012-11-23 17:39:18 +0530
Served asset /bg.gif - 304 Not Modified (0ms)


Started GET "/assets/header_inner.jpg" for 127.0.0.1 at 2012-11-23 17:39:18 +0530
Served asset /header_inner.jpg - 304 Not Modified (0ms)


Started GET "/assets/Commitment.jpg" for 127.0.0.1 at 2012-11-23 17:39:18 +0530
Served asset /Commitment.jpg - 304 Not Modified (0ms)


Started GET "/assets/Honesty.jpg" for 127.0.0.1 at 2012-11-23 17:39:19 +0530
Served asset /Honesty.jpg - 304 Not Modified (0ms)


Started GET "/assets/Responsibility.jpg" for 127.0.0.1 at 2012-11-23 17:39:19 +0530
Served asset /Responsibility.jpg - 304 Not Modified (0ms)


Started GET "/assets/Risk%20Management.jpg" for 127.0.0.1 at 2012-11-23 17:39:19 +0530
Served asset /Risk%20Management.jpg - 304 Not Modified (0ms)


Started GET "/assets/Systems%20Audit.jpg" for 127.0.0.1 at 2012-11-23 17:39:19 +0530
Served asset /Systems%20Audit.jpg - 304 Not Modified (0ms)


Started GET "/assets/icon8.png" for 127.0.0.1 at 2012-11-23 17:39:19 +0530
Served asset /icon8.png - 304 Not Modified (0ms)


Started GET "/assets/icon7.png" for 127.0.0.1 at 2012-11-23 17:39:19 +0530
Served asset /icon7.png - 304 Not Modified (0ms)


Started GET "/assets/footer2.gif" for 127.0.0.1 at 2012-11-23 17:39:19 +0530
Served asset /footer2.gif - 304 Not Modified (0ms)


Started GET "/assets/btn_prev.png" for 127.0.0.1 at 2012-11-23 17:39:19 +0530
Served asset /btn_prev.png - 304 Not Modified (0ms)


Started GET "/assets/lava.png" for 127.0.0.1 at 2012-11-23 17:39:19 +0530
Served asset /lava.png - 304 Not Modified (0ms)


Started GET "/assets/btn_next.png" for 127.0.0.1 at 2012-11-23 17:39:19 +0530
Served asset /btn_next.png - 304 Not Modified (0ms)


Started GET "/main/news" for 127.0.0.1 at 2012-11-23 17:39:29 +0530
Processing by MainController#news as HTML
  Rendered main/news.html.erb within layouts/main (15.6ms)
Completed 200 OK in 156ms (Views: 156.0ms | ActiveRecord: 0.0ms)


Started GET "/assets/jquery-rails.js" for 127.0.0.1 at 2012-11-23 17:39:30 +0530
Served asset /jquery-rails.js - 404 Not Found (15ms)

ActionController::RoutingError (No route matches [GET] "/assets/jquery-rails.js"):
  actionpack (3.2.6) lib/action_dispatch/middleware/debug_exceptions.rb:21:in `call'
  actionpack (3.2.6) lib/action_dispatch/middleware/show_exceptions.rb:56:in `call'
  railties (3.2.6) lib/rails/rack/logger.rb:26:in `call_app'
  railties (3.2.6) lib/rails/rack/logger.rb:16:in `call'
  actionpack (3.2.6) lib/action_dispatch/middleware/request_id.rb:22:in `call'
  rack (1.4.1) lib/rack/methodoverride.rb:21:in `call'
  rack (1.4.1) lib/rack/runtime.rb:17:in `call'
  activesupport (3.2.6) lib/active_support/cache/strategy/local_cache.rb:72:in `call'
  rack (1.4.1) lib/rack/lock.rb:15:in `call'
  actionpack (3.2.6) lib/action_dispatch/middleware/static.rb:62:in `call'
  railties (3.2.6) lib/rails/engine.rb:479:in `call'
  railties (3.2.6) lib/rails/application.rb:220:in `call'
  rack (1.4.1) lib/rack/content_length.rb:14:in `call'
  railties (3.2.6) lib/rails/rack/log_tailer.rb:17:in `call'
  rack (1.4.1) lib/rack/handler/webrick.rb:59:in `service'
  C:/Ruby193/lib/ruby/1.9.1/webrick/httpserver.rb:138:in `service'
  C:/Ruby193/lib/ruby/1.9.1/webrick/httpserver.rb:94:in `run'
  C:/Ruby193/lib/ruby/1.9.1/webrick/server.rb:191:in `block in start_thread'


  Rendered C:/Ruby193/lib/ruby/gems/1.9.1/gems/actionpack-3.2.6/lib/action_dispatch/middleware/templates/rescues/routing_error.erb within rescues/layout (0.0ms)


Started GET "/assets/jquery.js?body=1" for 127.0.0.1 at 2012-11-23 17:39:30 +0530
Served asset /jquery.js - 304 Not Modified (0ms)


Started GET "/assets/jquery-1.8.0.min.js?body=1" for 127.0.0.1 at 2012-11-23 17:39:30 +0530
Served asset /jquery-1.8.0.min.js - 304 Not Modified (0ms)


Started GET "/assets/easySlider1.5.js?body=1" for 127.0.0.1 at 2012-11-23 17:39:30 +0530
Served asset /easySlider1.5.js - 304 Not Modified (0ms)


Started GET "/assets/jquery-1.2.3.min.js?body=1" for 127.0.0.1 at 2012-11-23 17:39:30 +0530
Served asset /jquery-1.2.3.min.js - 304 Not Modified (0ms)


Started GET "/assets/jquery-ui-1.8.23.custom.min.js?body=1" for 127.0.0.1 at 2012-11-23 17:39:30 +0530
Served asset /jquery-ui-1.8.23.custom.min.js - 304 Not Modified (0ms)


Started GET "/assets/main.js?body=1" for 127.0.0.1 at 2012-11-23 17:39:30 +0530
Served asset /main.js - 304 Not Modified (15ms)


Started GET "/assets/jquery.easing.min.js?body=1" for 127.0.0.1 at 2012-11-23 17:39:30 +0530
Served asset /jquery.easing.min.js - 304 Not Modified (0ms)


Started GET "/assets/jquery.lavalamp.min.js?body=1" for 127.0.0.1 at 2012-11-23 17:39:30 +0530
Served asset /jquery.lavalamp.min.js - 304 Not Modified (0ms)


Started GET "/assets/style.css?body=1" for 127.0.0.1 at 2012-11-23 17:39:30 +0530
Served asset /style.css - 304 Not Modified (0ms)


Started GET "/assets/jquery-ui-1.9.1.custom.min.css?body=1" for 127.0.0.1 at 2012-11-23 17:39:31 +0530
Served asset /jquery-ui-1.9.1.custom.min.css - 304 Not Modified (0ms)


Started GET "/assets/lavalamp.css?body=1" for 127.0.0.1 at 2012-11-23 17:39:31 +0530
Served asset /lavalamp.css - 304 Not Modified (0ms)


Started GET "/assets/jquery-ui-1.9.1.custom.css?body=1" for 127.0.0.1 at 2012-11-23 17:39:31 +0530
Served asset /jquery-ui-1.9.1.custom.css - 304 Not Modified (0ms)


Started GET "/assets/bg.gif" for 127.0.0.1 at 2012-11-23 17:39:31 +0530
Served asset /bg.gif - 304 Not Modified (0ms)


Started GET "/assets/Commitment.jpg" for 127.0.0.1 at 2012-11-23 17:39:31 +0530
Served asset /Commitment.jpg - 304 Not Modified (0ms)


Started GET "/assets/Responsibility.jpg" for 127.0.0.1 at 2012-11-23 17:39:31 +0530
Served asset /Responsibility.jpg - 304 Not Modified (15ms)


Started GET "/assets/header_inner.jpg" for 127.0.0.1 at 2012-11-23 17:39:31 +0530
Served asset /header_inner.jpg - 304 Not Modified (0ms)


Started GET "/assets/Honesty.jpg" for 127.0.0.1 at 2012-11-23 17:39:31 +0530
Served asset /Honesty.jpg - 304 Not Modified (0ms)


Started GET "/assets/Systems%20Audit.jpg" for 127.0.0.1 at 2012-11-23 17:39:32 +0530
Served asset /Systems%20Audit.jpg - 304 Not Modified (0ms)


Started GET "/assets/icon8.png" for 127.0.0.1 at 2012-11-23 17:39:32 +0530
Served asset /icon8.png - 304 Not Modified (0ms)


Started GET "/assets/Risk%20Management.jpg" for 127.0.0.1 at 2012-11-23 17:39:32 +0530
Served asset /Risk%20Management.jpg - 304 Not Modified (0ms)


Started GET "/assets/news.png" for 127.0.0.1 at 2012-11-23 17:39:32 +0530
Served asset /news.png - 304 Not Modified (15ms)


Started GET "/assets/footer2.gif" for 127.0.0.1 at 2012-11-23 17:39:32 +0530
Served asset /footer2.gif - 304 Not Modified (0ms)


Started GET "/assets/icon7.png" for 127.0.0.1 at 2012-11-23 17:39:32 +0530
Served asset /icon7.png - 304 Not Modified (0ms)


Started GET "/assets/lava.png" for 127.0.0.1 at 2012-11-23 17:39:32 +0530
Served asset /lava.png - 304 Not Modified (0ms)


Started GET "/assets/btn_prev.png" for 127.0.0.1 at 2012-11-23 17:39:32 +0530
Served asset /btn_prev.png - 304 Not Modified (0ms)


Started GET "/assets/btn_next.png" for 127.0.0.1 at 2012-11-23 17:39:32 +0530
Served asset /btn_next.png - 304 Not Modified (0ms)


Started GET "/main/blog" for 127.0.0.1 at 2012-11-23 17:39:47 +0530
Processing by MainController#blog as HTML
  Rendered main/blog.html.erb within layouts/main (15.6ms)
Completed 200 OK in 62ms (Views: 62.4ms | ActiveRecord: 0.0ms)


Started GET "/assets/jquery-rails.js" for 127.0.0.1 at 2012-11-23 17:39:47 +0530
Served asset /jquery-rails.js - 404 Not Found (62ms)

ActionController::RoutingError (No route matches [GET] "/assets/jquery-rails.js"):
  actionpack (3.2.6) lib/action_dispatch/middleware/debug_exceptions.rb:21:in `call'
  actionpack (3.2.6) lib/action_dispatch/middleware/show_exceptions.rb:56:in `call'
  railties (3.2.6) lib/rails/rack/logger.rb:26:in `call_app'
  railties (3.2.6) lib/rails/rack/logger.rb:16:in `call'
  actionpack (3.2.6) lib/action_dispatch/middleware/request_id.rb:22:in `call'
  rack (1.4.1) lib/rack/methodoverride.rb:21:in `call'
  rack (1.4.1) lib/rack/runtime.rb:17:in `call'
  activesupport (3.2.6) lib/active_support/cache/strategy/local_cache.rb:72:in `call'
  rack (1.4.1) lib/rack/lock.rb:15:in `call'
  actionpack (3.2.6) lib/action_dispatch/middleware/static.rb:62:in `call'
  railties (3.2.6) lib/rails/engine.rb:479:in `call'
  railties (3.2.6) lib/rails/application.rb:220:in `call'
  rack (1.4.1) lib/rack/content_length.rb:14:in `call'
  railties (3.2.6) lib/rails/rack/log_tailer.rb:17:in `call'
  rack (1.4.1) lib/rack/handler/webrick.rb:59:in `service'
  C:/Ruby193/lib/ruby/1.9.1/webrick/httpserver.rb:138:in `service'
  C:/Ruby193/lib/ruby/1.9.1/webrick/httpserver.rb:94:in `run'
  C:/Ruby193/lib/ruby/1.9.1/webrick/server.rb:191:in `block in start_thread'


  Rendered C:/Ruby193/lib/ruby/gems/1.9.1/gems/actionpack-3.2.6/lib/action_dispatch/middleware/templates/rescues/routing_error.erb within rescues/layout (0.0ms)


Started GET "/assets/jquery.js?body=1" for 127.0.0.1 at 2012-11-23 17:39:47 +0530
Served asset /jquery.js - 304 Not Modified (0ms)


Started GET "/assets/jquery-1.2.3.min.js?body=1" for 127.0.0.1 at 2012-11-23 17:39:48 +0530
Served asset /jquery-1.2.3.min.js - 304 Not Modified (0ms)


Started GET "/assets/jquery-1.8.0.min.js?body=1" for 127.0.0.1 at 2012-11-23 17:39:48 +0530
Served asset /jquery-1.8.0.min.js - 304 Not Modified (0ms)


Started GET "/assets/easySlider1.5.js?body=1" for 127.0.0.1 at 2012-11-23 17:39:48 +0530
Served asset /easySlider1.5.js - 304 Not Modified (0ms)


Started GET "/assets/jquery-ui-1.8.23.custom.min.js?body=1" for 127.0.0.1 at 2012-11-23 17:39:48 +0530
Served asset /jquery-ui-1.8.23.custom.min.js - 304 Not Modified (0ms)


Started GET "/assets/main.js?body=1" for 127.0.0.1 at 2012-11-23 17:39:48 +0530
Served asset /main.js - 304 Not Modified (0ms)


Started GET "/assets/jquery.easing.min.js?body=1" for 127.0.0.1 at 2012-11-23 17:39:48 +0530
Served asset /jquery.easing.min.js - 304 Not Modified (0ms)


Started GET "/assets/jquery.lavalamp.min.js?body=1" for 127.0.0.1 at 2012-11-23 17:39:48 +0530
Served asset /jquery.lavalamp.min.js - 304 Not Modified (0ms)


Started GET "/assets/style.css?body=1" for 127.0.0.1 at 2012-11-23 17:39:48 +0530
Served asset /style.css - 304 Not Modified (0ms)


Started GET "/assets/lavalamp.css?body=1" for 127.0.0.1 at 2012-11-23 17:39:48 +0530
Served asset /lavalamp.css - 304 Not Modified (0ms)


Started GET "/assets/jquery-ui-1.9.1.custom.min.css?body=1" for 127.0.0.1 at 2012-11-23 17:39:48 +0530
Served asset /jquery-ui-1.9.1.custom.min.css - 304 Not Modified (0ms)


Started GET "/assets/jquery-ui-1.9.1.custom.css?body=1" for 127.0.0.1 at 2012-11-23 17:39:48 +0530
Served asset /jquery-ui-1.9.1.custom.css - 304 Not Modified (0ms)


Started GET "/assets/bg.gif" for 127.0.0.1 at 2012-11-23 17:39:49 +0530
Served asset /bg.gif - 304 Not Modified (0ms)


Started GET "/assets/Commitment.jpg" for 127.0.0.1 at 2012-11-23 17:39:49 +0530
Served asset /Commitment.jpg - 304 Not Modified (0ms)


Started GET "/assets/Honesty.jpg" for 127.0.0.1 at 2012-11-23 17:39:49 +0530
Served asset /Honesty.jpg - 304 Not Modified (0ms)


Started GET "/assets/header_inner.jpg" for 127.0.0.1 at 2012-11-23 17:39:49 +0530
Served asset /header_inner.jpg - 304 Not Modified (0ms)


Started GET "/assets/Responsibility.jpg" for 127.0.0.1 at 2012-11-23 17:39:49 +0530
Served asset /Responsibility.jpg - 304 Not Modified (0ms)


Started GET "/assets/Risk%20Management.jpg" for 127.0.0.1 at 2012-11-23 17:39:49 +0530
Served asset /Risk%20Management.jpg - 304 Not Modified (0ms)


Started GET "/assets/Systems%20Audit.jpg" for 127.0.0.1 at 2012-11-23 17:39:49 +0530
Served asset /Systems%20Audit.jpg - 304 Not Modified (0ms)


Started GET "/assets/consa.png" for 127.0.0.1 at 2012-11-23 17:39:49 +0530
Served asset /consa.png - 304 Not Modified (31ms)


Started GET "/assets/icon8.png" for 127.0.0.1 at 2012-11-23 17:39:49 +0530
Served asset /icon8.png - 304 Not Modified (0ms)


Started GET "/assets/icon7.png" for 127.0.0.1 at 2012-11-23 17:39:49 +0530
Served asset /icon7.png - 304 Not Modified (0ms)


Started GET "/assets/footer2.gif" for 127.0.0.1 at 2012-11-23 17:39:49 +0530
Served asset /footer2.gif - 304 Not Modified (0ms)


Started GET "/assets/lava.png" for 127.0.0.1 at 2012-11-23 17:39:50 +0530
Served asset /lava.png - 304 Not Modified (0ms)


Started GET "/assets/btn_prev.png" for 127.0.0.1 at 2012-11-23 17:39:50 +0530
Served asset /btn_prev.png - 304 Not Modified (0ms)


Started GET "/assets/btn_next.png" for 127.0.0.1 at 2012-11-23 17:39:50 +0530
Served asset /btn_next.png - 304 Not Modified (0ms)


Started GET "/main/blog" for 127.0.0.1 at 2012-11-23 17:42:04 +0530
Processing by MainController#blog as HTML
  Rendered main/blog.html.erb within layouts/main (46.8ms)
Completed 200 OK in 187ms (Views: 187.2ms | ActiveRecord: 0.0ms)


Started GET "/assets/jquery-1.8.0.min.js?body=1" for 127.0.0.1 at 2012-11-23 17:42:05 +0530
Served asset /jquery-1.8.0.min.js - 304 Not Modified (0ms)


Started GET "/assets/jquery-rails.js" for 127.0.0.1 at 2012-11-23 17:42:05 +0530
Served asset /jquery-rails.js - 404 Not Found (15ms)

ActionController::RoutingError (No route matches [GET] "/assets/jquery-rails.js"):
  actionpack (3.2.6) lib/action_dispatch/middleware/debug_exceptions.rb:21:in `call'
  actionpack (3.2.6) lib/action_dispatch/middleware/show_exceptions.rb:56:in `call'
  railties (3.2.6) lib/rails/rack/logger.rb:26:in `call_app'
  railties (3.2.6) lib/rails/rack/logger.rb:16:in `call'
  actionpack (3.2.6) lib/action_dispatch/middleware/request_id.rb:22:in `call'
  rack (1.4.1) lib/rack/methodoverride.rb:21:in `call'
  rack (1.4.1) lib/rack/runtime.rb:17:in `call'
  activesupport (3.2.6) lib/active_support/cache/strategy/local_cache.rb:72:in `call'
  rack (1.4.1) lib/rack/lock.rb:15:in `call'
  actionpack (3.2.6) lib/action_dispatch/middleware/static.rb:62:in `call'
  railties (3.2.6) lib/rails/engine.rb:479:in `call'
  railties (3.2.6) lib/rails/application.rb:220:in `call'
  rack (1.4.1) lib/rack/content_length.rb:14:in `call'
  railties (3.2.6) lib/rails/rack/log_tailer.rb:17:in `call'
  rack (1.4.1) lib/rack/handler/webrick.rb:59:in `service'
  C:/Ruby193/lib/ruby/1.9.1/webrick/httpserver.rb:138:in `service'
  C:/Ruby193/lib/ruby/1.9.1/webrick/httpserver.rb:94:in `run'
  C:/Ruby193/lib/ruby/1.9.1/webrick/server.rb:191:in `block in start_thread'


  Rendered C:/Ruby193/lib/ruby/gems/1.9.1/gems/actionpack-3.2.6/lib/action_dispatch/middleware/templates/rescues/routing_error.erb within rescues/layout (0.0ms)


Started GET "/assets/easySlider1.5.js?body=1" for 127.0.0.1 at 2012-11-23 17:42:05 +0530
Served asset /easySlider1.5.js - 304 Not Modified (0ms)


Started GET "/assets/jquery.js?body=1" for 127.0.0.1 at 2012-11-23 17:42:05 +0530
Served asset /jquery.js - 304 Not Modified (0ms)


Started GET "/assets/jquery-ui-1.8.23.custom.min.js?body=1" for 127.0.0.1 at 2012-11-23 17:42:05 +0530
Served asset /jquery-ui-1.8.23.custom.min.js - 304 Not Modified (0ms)


Started GET "/assets/jquery-1.2.3.min.js?body=1" for 127.0.0.1 at 2012-11-23 17:42:05 +0530
Served asset /jquery-1.2.3.min.js - 304 Not Modified (0ms)


Started GET "/assets/main.js?body=1" for 127.0.0.1 at 2012-11-23 17:42:05 +0530
Served asset /main.js - 304 Not Modified (0ms)


Started GET "/assets/jquery.easing.min.js?body=1" for 127.0.0.1 at 2012-11-23 17:42:06 +0530
Served asset /jquery.easing.min.js - 304 Not Modified (0ms)


Started GET "/assets/jquery.lavalamp.min.js?body=1" for 127.0.0.1 at 2012-11-23 17:42:06 +0530
Served asset /jquery.lavalamp.min.js - 304 Not Modified (0ms)


Started GET "/assets/style.css?body=1" for 127.0.0.1 at 2012-11-23 17:42:06 +0530
Served asset /style.css - 304 Not Modified (0ms)


Started GET "/assets/jquery-ui-1.9.1.custom.min.css?body=1" for 127.0.0.1 at 2012-11-23 17:42:06 +0530
Served asset /jquery-ui-1.9.1.custom.min.css - 304 Not Modified (0ms)


Started GET "/assets/lavalamp.css?body=1" for 127.0.0.1 at 2012-11-23 17:42:06 +0530
Served asset /lavalamp.css - 304 Not Modified (0ms)


Started GET "/assets/jquery-ui-1.9.1.custom.css?body=1" for 127.0.0.1 at 2012-11-23 17:42:06 +0530
Served asset /jquery-ui-1.9.1.custom.css - 304 Not Modified (0ms)


Started GET "/assets/bg.gif" for 127.0.0.1 at 2012-11-23 17:42:06 +0530
Served asset /bg.gif - 304 Not Modified (0ms)


Started GET "/assets/Commitment.jpg" for 127.0.0.1 at 2012-11-23 17:42:07 +0530
Served asset /Commitment.jpg - 304 Not Modified (0ms)


Started GET "/assets/header_inner.jpg" for 127.0.0.1 at 2012-11-23 17:42:07 +0530
Served asset /header_inner.jpg - 304 Not Modified (0ms)


Started GET "/assets/Honesty.jpg" for 127.0.0.1 at 2012-11-23 17:42:07 +0530
Served asset /Honesty.jpg - 304 Not Modified (0ms)


Started GET "/assets/Responsibility.jpg" for 127.0.0.1 at 2012-11-23 17:42:07 +0530
Served asset /Responsibility.jpg - 304 Not Modified (0ms)


Started GET "/assets/Risk%20Management.jpg" for 127.0.0.1 at 2012-11-23 17:42:07 +0530
Served asset /Risk%20Management.jpg - 304 Not Modified (0ms)


Started GET "/assets/Systems%20Audit.jpg" for 127.0.0.1 at 2012-11-23 17:42:07 +0530
Served asset /Systems%20Audit.jpg - 304 Not Modified (0ms)


Started GET "/assets/consa.png" for 127.0.0.1 at 2012-11-23 17:42:07 +0530
Served asset /consa.png - 304 Not Modified (0ms)


Started GET "/assets/icon8.png" for 127.0.0.1 at 2012-11-23 17:42:07 +0530
Served asset /icon8.png - 304 Not Modified (0ms)


Started GET "/assets/icon7.png" for 127.0.0.1 at 2012-11-23 17:42:07 +0530
Served asset /icon7.png - 304 Not Modified (0ms)


Started GET "/assets/footer2.gif" for 127.0.0.1 at 2012-11-23 17:42:07 +0530
Served asset /footer2.gif - 304 Not Modified (0ms)


Started GET "/assets/lava.png" for 127.0.0.1 at 2012-11-23 17:42:07 +0530
Served asset /lava.png - 304 Not Modified (0ms)


Started GET "/assets/btn_prev.png" for 127.0.0.1 at 2012-11-23 17:42:07 +0530
Served asset /btn_prev.png - 304 Not Modified (0ms)


Started GET "/assets/btn_next.png" for 127.0.0.1 at 2012-11-23 17:42:07 +0530
Served asset /btn_next.png - 304 Not Modified (0ms)


Started GET "/main/blog" for 127.0.0.1 at 2012-11-23 17:42:25 +0530
Processing by MainController#blog as HTML
  Rendered main/blog.html.erb within layouts/main (0.0ms)
Completed 200 OK in 94ms (Views: 93.6ms | ActiveRecord: 0.0ms)


Started GET "/assets/jquery-rails.js" for 127.0.0.1 at 2012-11-23 17:42:26 +0530
Served asset /jquery-rails.js - 404 Not Found (31ms)

ActionController::RoutingError (No route matches [GET] "/assets/jquery-rails.js"):
  actionpack (3.2.6) lib/action_dispatch/middleware/debug_exceptions.rb:21:in `call'
  actionpack (3.2.6) lib/action_dispatch/middleware/show_exceptions.rb:56:in `call'
  railties (3.2.6) lib/rails/rack/logger.rb:26:in `call_app'
  railties (3.2.6) lib/rails/rack/logger.rb:16:in `call'
  actionpack (3.2.6) lib/action_dispatch/middleware/request_id.rb:22:in `call'
  rack (1.4.1) lib/rack/methodoverride.rb:21:in `call'
  rack (1.4.1) lib/rack/runtime.rb:17:in `call'
  activesupport (3.2.6) lib/active_support/cache/strategy/local_cache.rb:72:in `call'
  rack (1.4.1) lib/rack/lock.rb:15:in `call'
  actionpack (3.2.6) lib/action_dispatch/middleware/static.rb:62:in `call'
  railties (3.2.6) lib/rails/engine.rb:479:in `call'
  railties (3.2.6) lib/rails/application.rb:220:in `call'
  rack (1.4.1) lib/rack/content_length.rb:14:in `call'
  railties (3.2.6) lib/rails/rack/log_tailer.rb:17:in `call'
  rack (1.4.1) lib/rack/handler/webrick.rb:59:in `service'
  C:/Ruby193/lib/ruby/1.9.1/webrick/httpserver.rb:138:in `service'
  C:/Ruby193/lib/ruby/1.9.1/webrick/httpserver.rb:94:in `run'
  C:/Ruby193/lib/ruby/1.9.1/webrick/server.rb:191:in `block in start_thread'


  Rendered C:/Ruby193/lib/ruby/gems/1.9.1/gems/actionpack-3.2.6/lib/action_dispatch/middleware/templates/rescues/routing_error.erb within rescues/layout (0.0ms)


Started GET "/assets/easySlider1.5.js?body=1" for 127.0.0.1 at 2012-11-23 17:42:26 +0530
Served asset /easySlider1.5.js - 304 Not Modified (0ms)


Started GET "/assets/jquery.js?body=1" for 127.0.0.1 at 2012-11-23 17:42:26 +0530
Served asset /jquery.js - 304 Not Modified (0ms)


Started GET "/assets/jquery-ui-1.8.23.custom.min.js?body=1" for 127.0.0.1 at 2012-11-23 17:42:26 +0530
Served asset /jquery-ui-1.8.23.custom.min.js - 304 Not Modified (0ms)


Started GET "/assets/jquery-1.2.3.min.js?body=1" for 127.0.0.1 at 2012-11-23 17:42:26 +0530
Served asset /jquery-1.2.3.min.js - 304 Not Modified (0ms)


Started GET "/assets/jquery-1.8.0.min.js?body=1" for 127.0.0.1 at 2012-11-23 17:42:26 +0530
Served asset /jquery-1.8.0.min.js - 304 Not Modified (0ms)


Started GET "/assets/main.js?body=1" for 127.0.0.1 at 2012-11-23 17:42:27 +0530
Served asset /main.js - 304 Not Modified (0ms)


Started GET "/assets/jquery.easing.min.js?body=1" for 127.0.0.1 at 2012-11-23 17:42:27 +0530
Served asset /jquery.easing.min.js - 304 Not Modified (0ms)


Started GET "/assets/jquery.lavalamp.min.js?body=1" for 127.0.0.1 at 2012-11-23 17:42:27 +0530
Served asset /jquery.lavalamp.min.js - 304 Not Modified (0ms)


Started GET "/assets/style.css?body=1" for 127.0.0.1 at 2012-11-23 17:42:27 +0530
Served asset /style.css - 304 Not Modified (0ms)


Started GET "/assets/lavalamp.css?body=1" for 127.0.0.1 at 2012-11-23 17:42:27 +0530
Served asset /lavalamp.css - 304 Not Modified (0ms)


Started GET "/assets/jquery-ui-1.9.1.custom.min.css?body=1" for 127.0.0.1 at 2012-11-23 17:42:27 +0530
Served asset /jquery-ui-1.9.1.custom.min.css - 304 Not Modified (0ms)


Started GET "/assets/jquery-ui-1.9.1.custom.css?body=1" for 127.0.0.1 at 2012-11-23 17:42:27 +0530
Served asset /jquery-ui-1.9.1.custom.css - 304 Not Modified (0ms)


Started GET "/assets/Honesty.jpg" for 127.0.0.1 at 2012-11-23 17:42:28 +0530
Served asset /Honesty.jpg - 304 Not Modified (0ms)


Started GET "/assets/Commitment.jpg" for 127.0.0.1 at 2012-11-23 17:42:28 +0530
Served asset /Commitment.jpg - 304 Not Modified (0ms)


Started GET "/assets/Responsibility.jpg" for 127.0.0.1 at 2012-11-23 17:42:28 +0530
Served asset /Responsibility.jpg - 304 Not Modified (0ms)


Started GET "/assets/Risk%20Management.jpg" for 127.0.0.1 at 2012-11-23 17:42:28 +0530
Served asset /Risk%20Management.jpg - 304 Not Modified (0ms)


Started GET "/assets/Systems%20Audit.jpg" for 127.0.0.1 at 2012-11-23 17:42:28 +0530
Served asset /Systems%20Audit.jpg - 304 Not Modified (0ms)


Started GET "/assets/consa.png" for 127.0.0.1 at 2012-11-23 17:42:28 +0530
Served asset /consa.png - 304 Not Modified (15ms)


Started GET "/assets/icon8.png" for 127.0.0.1 at 2012-11-23 17:42:28 +0530
Served asset /icon8.png - 304 Not Modified (0ms)


Started GET "/assets/icon7.png" for 127.0.0.1 at 2012-11-23 17:42:28 +0530
Served asset /icon7.png - 304 Not Modified (0ms)


Started GET "/" for 127.0.0.1 at 2012-11-27 09:35:28 +0530
Connecting to database specified by database.yml
Processing by MainController#index as HTML
  Rendered main/index.html.erb within layouts/main (312.0ms)
Compiled style.css  (0ms)  (pid 464)
Completed 200 OK in 1388ms (Views: 1388.4ms | ActiveRecord: 0.0ms)


Started GET "/assets/jquery-rails.js" for 127.0.0.1 at 2012-11-27 09:35:34 +0530
Served asset /jquery-rails.js - 404 Not Found (15ms)

ActionController::RoutingError (No route matches [GET] "/assets/jquery-rails.js"):
  actionpack (3.2.6) lib/action_dispatch/middleware/debug_exceptions.rb:21:in `call'
  actionpack (3.2.6) lib/action_dispatch/middleware/show_exceptions.rb:56:in `call'
  railties (3.2.6) lib/rails/rack/logger.rb:26:in `call_app'
  railties (3.2.6) lib/rails/rack/logger.rb:16:in `call'
  actionpack (3.2.6) lib/action_dispatch/middleware/request_id.rb:22:in `call'
  rack (1.4.1) lib/rack/methodoverride.rb:21:in `call'
  rack (1.4.1) lib/rack/runtime.rb:17:in `call'
  activesupport (3.2.6) lib/active_support/cache/strategy/local_cache.rb:72:in `call'
  rack (1.4.1) lib/rack/lock.rb:15:in `call'
  actionpack (3.2.6) lib/action_dispatch/middleware/static.rb:62:in `call'
  railties (3.2.6) lib/rails/engine.rb:479:in `call'
  railties (3.2.6) lib/rails/application.rb:220:in `call'
  rack (1.4.1) lib/rack/content_length.rb:14:in `call'
  railties (3.2.6) lib/rails/rack/log_tailer.rb:17:in `call'
  rack (1.4.1) lib/rack/handler/webrick.rb:59:in `service'
  C:/Ruby193/lib/ruby/1.9.1/webrick/httpserver.rb:138:in `service'
  C:/Ruby193/lib/ruby/1.9.1/webrick/httpserver.rb:94:in `run'
  C:/Ruby193/lib/ruby/1.9.1/webrick/server.rb:191:in `block in start_thread'


  Rendered C:/Ruby193/lib/ruby/gems/1.9.1/gems/actionpack-3.2.6/lib/action_dispatch/middleware/templates/rescues/routing_error.erb within rescues/layout (0.0ms)


Started GET "/assets/jquery-1.2.3.min.js?body=1" for 127.0.0.1 at 2012-11-27 09:35:34 +0530
Served asset /jquery-1.2.3.min.js - 200 OK (31ms)


Started GET "/assets/jquery.js?body=1" for 127.0.0.1 at 2012-11-27 09:35:34 +0530
Served asset /jquery.js - 200 OK (31ms)


Started GET "/assets/jquery-1.8.0.min.js?body=1" for 127.0.0.1 at 2012-11-27 09:35:34 +0530
Served asset /jquery-1.8.0.min.js - 200 OK (31ms)


Started GET "/assets/jquery-ui-1.8.23.custom.min.js?body=1" for 127.0.0.1 at 2012-11-27 09:35:34 +0530
Served asset /jquery-ui-1.8.23.custom.min.js - 200 OK (109ms)


Started GET "/assets/easySlider1.5.js?body=1" for 127.0.0.1 at 2012-11-27 09:35:34 +0530
Served asset /easySlider1.5.js - 200 OK (0ms)


Started GET "/assets/main.js?body=1" for 127.0.0.1 at 2012-11-27 09:35:34 +0530
Served asset /main.js - 200 OK (15ms)


Started GET "/assets/jquery.easing.min.js?body=1" for 127.0.0.1 at 2012-11-27 09:35:34 +0530
Served asset /jquery.easing.min.js - 200 OK (15ms)


Started GET "/assets/jquery.lavalamp.min.js?body=1" for 127.0.0.1 at 2012-11-27 09:35:34 +0530
Served asset /jquery.lavalamp.min.js - 200 OK (15ms)


Started GET "/assets/style.css?body=1" for 127.0.0.1 at 2012-11-27 09:35:34 +0530
Served asset /style.css - 200 OK (0ms)


Started GET "/assets/lavalamp.css?body=1" for 127.0.0.1 at 2012-11-27 09:35:34 +0530
Served asset /lavalamp.css - 200 OK (0ms)


Started GET "/assets/jquery-ui-1.9.1.custom.min.css?body=1" for 127.0.0.1 at 2012-11-27 09:35:34 +0530
Served asset /jquery-ui-1.9.1.custom.min.css - 200 OK (0ms)


Started GET "/assets/jquery-ui-1.9.1.custom.css?body=1" for 127.0.0.1 at 2012-11-27 09:35:34 +0530
Served asset /jquery-ui-1.9.1.custom.css - 200 OK (0ms)


Started GET "/assets/Responsibility.jpg" for 127.0.0.1 at 2012-11-27 09:35:35 +0530
Served asset /Responsibility.jpg - 200 OK (31ms)


Started GET "/assets/Risk%20Management.jpg" for 127.0.0.1 at 2012-11-27 09:35:35 +0530
Served asset /Risk%20Management.jpg - 200 OK (0ms)


Started GET "/assets/header_inner.jpg" for 127.0.0.1 at 2012-11-27 09:35:35 +0530
Served asset /header_inner.jpg - 200 OK (15ms)


Started GET "/assets/bg.gif" for 127.0.0.1 at 2012-11-27 09:35:35 +0530
Served asset /bg.gif - 200 OK (31ms)


Started GET "/assets/Honesty.jpg" for 127.0.0.1 at 2012-11-27 09:35:35 +0530
Served asset /Honesty.jpg - 200 OK (31ms)


Started GET "/assets/Commitment.jpg" for 127.0.0.1 at 2012-11-27 09:35:35 +0530
Served asset /Commitment.jpg - 200 OK (15ms)


Started GET "/assets/Systems%20Audit.jpg" for 127.0.0.1 at 2012-11-27 09:35:35 +0530
Served asset /Systems%20Audit.jpg - 200 OK (0ms)


Started GET "/assets/icon8.png" for 127.0.0.1 at 2012-11-27 09:35:35 +0530
Served asset /icon8.png - 200 OK (31ms)


Started GET "/assets/icon7.png" for 127.0.0.1 at 2012-11-27 09:35:35 +0530
Served asset /icon7.png - 200 OK (31ms)


Started GET "/assets/lava.png" for 127.0.0.1 at 2012-11-27 09:35:35 +0530
Served asset /lava.png - 200 OK (0ms)


Started GET "/assets/footer2.gif" for 127.0.0.1 at 2012-11-27 09:35:35 +0530
Served asset /footer2.gif - 200 OK (31ms)


Started GET "/assets/btn_prev.png" for 127.0.0.1 at 2012-11-27 09:35:36 +0530
Served asset /btn_prev.png - 200 OK (31ms)


Started GET "/assets/btn_next.png" for 127.0.0.1 at 2012-11-27 09:35:36 +0530
Served asset /btn_next.png - 200 OK (31ms)
Connecting to database specified by database.yml
  [1m[36m (31.2ms)[0m  [1mSELECT `schema_migrations`.`version` FROM `schema_migrations` [0m


Started GET "/" for 127.0.0.1 at 2012-11-27 11:32:34 +0530
Connecting to database specified by database.yml
Processing by MainController#index as HTML
  Rendered main/index.html.erb within layouts/main (187.2ms)
Completed 200 OK in 1076ms (Views: 1076.4ms | ActiveRecord: 0.0ms)


Started GET "/assets/jquery-rails.js" for 127.0.0.1 at 2012-11-27 11:32:39 +0530
Served asset /jquery-rails.js - 404 Not Found (19ms)

ActionController::RoutingError (No route matches [GET] "/assets/jquery-rails.js"):
  actionpack (3.2.6) lib/action_dispatch/middleware/debug_exceptions.rb:21:in `call'
  actionpack (3.2.6) lib/action_dispatch/middleware/show_exceptions.rb:56:in `call'
  railties (3.2.6) lib/rails/rack/logger.rb:26:in `call_app'
  railties (3.2.6) lib/rails/rack/logger.rb:16:in `call'
  actionpack (3.2.6) lib/action_dispatch/middleware/request_id.rb:22:in `call'
  rack (1.4.1) lib/rack/methodoverride.rb:21:in `call'
  rack (1.4.1) lib/rack/runtime.rb:17:in `call'
  activesupport (3.2.6) lib/active_support/cache/strategy/local_cache.rb:72:in `call'
  rack (1.4.1) lib/rack/lock.rb:15:in `call'
  actionpack (3.2.6) lib/action_dispatch/middleware/static.rb:62:in `call'
  railties (3.2.6) lib/rails/engine.rb:479:in `call'
  railties (3.2.6) lib/rails/application.rb:220:in `call'
  rack (1.4.1) lib/rack/content_length.rb:14:in `call'
  railties (3.2.6) lib/rails/rack/log_tailer.rb:17:in `call'
  rack (1.4.1) lib/rack/handler/webrick.rb:59:in `service'
  C:/Ruby193/lib/ruby/1.9.1/webrick/httpserver.rb:138:in `service'
  C:/Ruby193/lib/ruby/1.9.1/webrick/httpserver.rb:94:in `run'
  C:/Ruby193/lib/ruby/1.9.1/webrick/server.rb:191:in `block in start_thread'


  Rendered C:/Ruby193/lib/ruby/gems/1.9.1/gems/actionpack-3.2.6/lib/action_dispatch/middleware/templates/rescues/routing_error.erb within rescues/layout (1.0ms)


Started GET "/assets/jquery.js?body=1" for 127.0.0.1 at 2012-11-27 11:32:39 +0530
Served asset /jquery.js - 304 Not Modified (28ms)


Started GET "/assets/jquery-1.2.3.min.js?body=1" for 127.0.0.1 at 2012-11-27 11:32:39 +0530
Served asset /jquery-1.2.3.min.js - 304 Not Modified (25ms)


Started GET "/assets/jquery-ui-1.8.23.custom.min.js?body=1" for 127.0.0.1 at 2012-11-27 11:32:39 +0530
Served asset /jquery-ui-1.8.23.custom.min.js - 304 Not Modified (70ms)


Started GET "/assets/jquery-1.8.0.min.js?body=1" for 127.0.0.1 at 2012-11-27 11:32:39 +0530
Served asset /jquery-1.8.0.min.js - 304 Not Modified (59ms)


Started GET "/assets/easySlider1.5.js?body=1" for 127.0.0.1 at 2012-11-27 11:32:39 +0530
Served asset /easySlider1.5.js - 304 Not Modified (4ms)


Started GET "/assets/main.js?body=1" for 127.0.0.1 at 2012-11-27 11:32:39 +0530
Served asset /main.js - 304 Not Modified (3ms)


Started GET "/assets/jquery.easing.min.js?body=1" for 127.0.0.1 at 2012-11-27 11:32:39 +0530
Served asset /jquery.easing.min.js - 304 Not Modified (3ms)


Started GET "/assets/jquery.lavalamp.min.js?body=1" for 127.0.0.1 at 2012-11-27 11:32:39 +0530
Served asset /jquery.lavalamp.min.js - 304 Not Modified (3ms)


Started GET "/assets/style.css?body=1" for 127.0.0.1 at 2012-11-27 11:32:39 +0530
Served asset /style.css - 304 Not Modified (4ms)


Started GET "/assets/lavalamp.css?body=1" for 127.0.0.1 at 2012-11-27 11:32:40 +0530
Served asset /lavalamp.css - 304 Not Modified (6ms)


Started GET "/assets/jquery-ui-1.9.1.custom.min.css?body=1" for 127.0.0.1 at 2012-11-27 11:32:40 +0530
Served asset /jquery-ui-1.9.1.custom.min.css - 304 Not Modified (36ms)


Started GET "/assets/jquery-ui-1.9.1.custom.css?body=1" for 127.0.0.1 at 2012-11-27 11:32:40 +0530
Served asset /jquery-ui-1.9.1.custom.css - 304 Not Modified (27ms)


Started GET "/assets/bg.gif" for 127.0.0.1 at 2012-11-27 11:32:40 +0530
Served asset /bg.gif - 304 Not Modified (49ms)


Started GET "/assets/header_inner.jpg" for 127.0.0.1 at 2012-11-27 11:32:40 +0530
Served asset /header_inner.jpg - 304 Not Modified (68ms)


Started GET "/assets/Commitment.jpg" for 127.0.0.1 at 2012-11-27 11:32:40 +0530
Served asset /Commitment.jpg - 304 Not Modified (3ms)


Started GET "/assets/Honesty.jpg" for 127.0.0.1 at 2012-11-27 11:32:40 +0530
Served asset /Honesty.jpg - 304 Not Modified (38ms)


Started GET "/assets/Responsibility.jpg" for 127.0.0.1 at 2012-11-27 11:32:40 +0530
Served asset /Responsibility.jpg - 304 Not Modified (25ms)


Started GET "/assets/Risk%20Management.jpg" for 127.0.0.1 at 2012-11-27 11:32:40 +0530
Served asset /Risk%20Management.jpg - 304 Not Modified (13ms)


Started GET "/assets/Systems%20Audit.jpg" for 127.0.0.1 at 2012-11-27 11:32:41 +0530
Served asset /Systems%20Audit.jpg - 304 Not Modified (5ms)


Started GET "/assets/icon8.png" for 127.0.0.1 at 2012-11-27 11:32:41 +0530
Served asset /icon8.png - 304 Not Modified (5ms)


Started GET "/assets/icon7.png" for 127.0.0.1 at 2012-11-27 11:32:41 +0530
Served asset /icon7.png - 304 Not Modified (4ms)


Started GET "/assets/footer2.gif" for 127.0.0.1 at 2012-11-27 11:32:41 +0530
Served asset /footer2.gif - 304 Not Modified (3ms)


Started GET "/assets/lava.png" for 127.0.0.1 at 2012-11-27 11:32:41 +0530
Served asset /lava.png - 304 Not Modified (3ms)


Started GET "/assets/btn_prev.png" for 127.0.0.1 at 2012-11-27 11:32:41 +0530
Served asset /btn_prev.png - 304 Not Modified (6ms)


Started GET "/assets/btn_next.png" for 127.0.0.1 at 2012-11-27 11:32:41 +0530
Served asset /btn_next.png - 304 Not Modified (4ms)
Connecting to database specified by database.yml
  [1m[36m (0.0ms)[0m  [1mSELECT `schema_migrations`.`version` FROM `schema_migrations` [0m
Connecting to database specified by database.yml
  [1m[36m (0.0ms)[0m  [1mSELECT `schema_migrations`.`version` FROM `schema_migrations` [0m
Connecting to database specified by database.yml
  [1m[36m (0.0ms)[0m  [1mSELECT `schema_migrations`.`version` FROM `schema_migrations` [0m
Connecting to database specified by database.yml
  [1m[36m (0.0ms)[0m  [1mSELECT `schema_migrations`.`version` FROM `schema_migrations` [0m
Connecting to database specified by database.yml
Connecting to database specified by database.yml
  [1m[36m (158.0ms)[0m  [1mDROP DATABASE IF EXISTS `iscubeonror_test`[0m
  [1m[35m (4.0ms)[0m  CREATE DATABASE `iscubeonror_test` DEFAULT CHARACTER SET `utf8` COLLATE `utf8_unicode_ci`
  [1m[36m (113.0ms)[0m  [1mCREATE TABLE `carrers` (`id` int(11) DEFAULT NULL auto_increment PRIMARY KEY, `Salutation` varchar(255), `Name` varchar(50) NOT NULL, `EmailAddress` varchar(50) NOT NULL, `CurrentLocation` varchar(255) NOT NULL, `PhoneNumber` int(11), `MobileNumber` varchar(10), `TotalExperience` varchar(255), `Resume` text, `created_at` datetime NOT NULL, `updated_at` datetime NOT NULL) ENGINE=InnoDB[0m
  [1m[35m (82.0ms)[0m  CREATE TABLE `schema_migrations` (`version` varchar(255) NOT NULL) ENGINE=InnoDB
  [1m[36m (176.0ms)[0m  [1mCREATE UNIQUE INDEX `unique_schema_migrations` ON `schema_migrations` (`version`)[0m
  [1m[35m (1.0ms)[0m  SELECT version FROM `schema_migrations`
  [1m[36m (42.0ms)[0m  [1mINSERT INTO `schema_migrations` (version) VALUES ('20121120005441')[0m
Connecting to database specified by database.yml
  [1m[36m (1.0ms)[0m  [1mSELECT `schema_migrations`.`version` FROM `schema_migrations` [0m
  [1m[35m (155.0ms)[0m  DROP DATABASE IF EXISTS `iscubeonror_test`
  [1m[36m (1.0ms)[0m  [1mCREATE DATABASE `iscubeonror_test` DEFAULT CHARACTER SET `utf8` COLLATE `utf8_unicode_ci`[0m
  [1m[35m (69.0ms)[0m  CREATE TABLE `carrers` (`id` int(11) DEFAULT NULL auto_increment PRIMARY KEY, `Salutation` varchar(255), `Name` varchar(50) NOT NULL, `EmailAddress` varchar(50) NOT NULL, `CurrentLocation` varchar(255) NOT NULL, `PhoneNumber` int(11), `MobileNumber` varchar(10), `TotalExperience` varchar(255), `Resume` text, `created_at` datetime NOT NULL, `updated_at` datetime NOT NULL) ENGINE=InnoDB
  [1m[36m (119.0ms)[0m  [1mCREATE TABLE `schema_migrations` (`version` varchar(255) NOT NULL) ENGINE=InnoDB[0m
  [1m[35m (120.0ms)[0m  CREATE UNIQUE INDEX `unique_schema_migrations` ON `schema_migrations` (`version`)
  [1m[36m (1.0ms)[0m  [1mSELECT version FROM `schema_migrations`[0m
  [1m[35m (36.0ms)[0m  INSERT INTO `schema_migrations` (version) VALUES ('20121120005441')
Connecting to database specified by database.yml
  [1m[36m (0.0ms)[0m  [1mSELECT `schema_migrations`.`version` FROM `schema_migrations` [0m
  [1m[35m (1.0ms)[0m  SELECT `schema_migrations`.`version` FROM `schema_migrations` 
  [1m[36m (1.0ms)[0m  [1mSELECT `schema_migrations`.`version` FROM `schema_migrations` [0m
Migrating to CreateCarrers (20121120005441)
  [1m[35m (61.0ms)[0m  DROP TABLE `carrers`
  [1m[36m (40.0ms)[0m  [1mDELETE FROM `schema_migrations` WHERE `schema_migrations`.`version` = '20121120005441'[0m
  [1m[35m (0.0ms)[0m  SELECT `schema_migrations`.`version` FROM `schema_migrations` 
Connecting to database specified by database.yml
  [1m[36m (0.0ms)[0m  [1mSELECT `schema_migrations`.`version` FROM `schema_migrations` [0m
Migrating to CreateCarrers (20121120005441)
  [1m[35m (134.0ms)[0m  CREATE TABLE `carrers` (`id` int(11) DEFAULT NULL auto_increment PRIMARY KEY, `Salutation` varchar(255), `Name` varchar(50) DEFAULT 'Enter Name' NOT NULL, `EmailAddress` varchar(50) NOT NULL, `CurrentLocation` varchar(255) NOT NULL, `PhoneNumber` int(11), `MobileNumber` varchar(10), `TotalExperience` varchar(255), `Resume` text, `created_at` datetime NOT NULL, `updated_at` datetime NOT NULL) ENGINE=InnoDB
  [1m[36m (28.0ms)[0m  [1mINSERT INTO `schema_migrations` (`version`) VALUES ('20121120005441')[0m
  [1m[35m (0.0ms)[0m  SELECT `schema_migrations`.`version` FROM `schema_migrations` 
Connecting to database specified by database.yml
  [1m[36m (140.4ms)[0m  [1mDROP DATABASE IF EXISTS `iscubeonror_test`[0m
  [1m[35m (0.0ms)[0m  CREATE DATABASE `iscubeonror_test` DEFAULT CHARACTER SET `utf8` COLLATE `utf8_unicode_ci`
  [1m[36m (78.0ms)[0m  [1mCREATE TABLE `carrers` (`id` int(11) DEFAULT NULL auto_increment PRIMARY KEY, `Salutation` varchar(255), `Name` varchar(50) DEFAULT 'Enter Name' NOT NULL, `EmailAddress` varchar(50) NOT NULL, `CurrentLocation` varchar(255) NOT NULL, `PhoneNumber` int(11), `MobileNumber` varchar(10), `TotalExperience` varchar(255), `Resume` text, `created_at` datetime NOT NULL, `updated_at` datetime NOT NULL) ENGINE=InnoDB[0m
  [1m[35m (78.0ms)[0m  CREATE TABLE `schema_migrations` (`version` varchar(255) NOT NULL) ENGINE=InnoDB
  [1m[36m (209.6ms)[0m  [1mCREATE UNIQUE INDEX `unique_schema_migrations` ON `schema_migrations` (`version`)[0m
  [1m[35m (1.0ms)[0m  SELECT version FROM `schema_migrations`
  [1m[36m (38.0ms)[0m  [1mINSERT INTO `schema_migrations` (version) VALUES ('20121120005441')[0m
Connecting to database specified by database.yml
  [1m[36m (0.0ms)[0m  [1mSELECT `schema_migrations`.`version` FROM `schema_migrations` [0m
  [1m[35m (0.0ms)[0m  SELECT `schema_migrations`.`version` FROM `schema_migrations` 
  [1m[36m (0.0ms)[0m  [1mSELECT `schema_migrations`.`version` FROM `schema_migrations` [0m
Migrating to CreateCarrers (20121120005441)
  [1m[35m (117.0ms)[0m  DROP TABLE `carrers`
  [1m[36m (36.0ms)[0m  [1mDELETE FROM `schema_migrations` WHERE `schema_migrations`.`version` = '20121120005441'[0m
  [1m[35m (0.0ms)[0m  SELECT `schema_migrations`.`version` FROM `schema_migrations` 
Connecting to database specified by database.yml
  [1m[36m (0.0ms)[0m  [1mSELECT `schema_migrations`.`version` FROM `schema_migrations` [0m
Migrating to CreateCarrers (20121120005441)
  [1m[35m (140.4ms)[0m  CREATE TABLE `carrers` (`id` int(11) DEFAULT NULL auto_increment PRIMARY KEY, `Salutation` varchar(255), `Name` varchar(50) DEFAULT 'Enter Name' NOT NULL, `EmailAddress` varchar(50) DEFAULT 'email@example.com' NOT NULL, `CurrentLocation` varchar(255) DEFAULT 'location' NOT NULL, `PhoneNumber` int(11), `MobileNumber` varchar(10), `TotalExperience` varchar(255), `Resume` text, `created_at` datetime NOT NULL, `updated_at` datetime NOT NULL) ENGINE=InnoDB
  [1m[36m (31.2ms)[0m  [1mINSERT INTO `schema_migrations` (`version`) VALUES ('20121120005441')[0m
  [1m[35m (0.0ms)[0m  SELECT `schema_migrations`.`version` FROM `schema_migrations` 
Connecting to database specified by database.yml
  [1m[36m (125.0ms)[0m  [1mDROP DATABASE IF EXISTS `iscubeonror_test`[0m
  [1m[35m (3.0ms)[0m  CREATE DATABASE `iscubeonror_test` DEFAULT CHARACTER SET `utf8` COLLATE `utf8_unicode_ci`
  [1m[36m (218.4ms)[0m  [1mCREATE TABLE `carrers` (`id` int(11) DEFAULT NULL auto_increment PRIMARY KEY, `Salutation` varchar(255), `Name` varchar(50) DEFAULT 'Enter Name' NOT NULL, `EmailAddress` varchar(50) DEFAULT 'email@example.com' NOT NULL, `CurrentLocation` varchar(255) DEFAULT 'location' NOT NULL, `PhoneNumber` int(11), `MobileNumber` varchar(10), `TotalExperience` varchar(255), `Resume` text, `created_at` datetime NOT NULL, `updated_at` datetime NOT NULL) ENGINE=InnoDB[0m
  [1m[35m (78.0ms)[0m  CREATE TABLE `schema_migrations` (`version` varchar(255) NOT NULL) ENGINE=InnoDB
  [1m[36m (202.8ms)[0m  [1mCREATE UNIQUE INDEX `unique_schema_migrations` ON `schema_migrations` (`version`)[0m
  [1m[35m (0.0ms)[0m  SELECT version FROM `schema_migrations`
  [1m[36m (46.8ms)[0m  [1mINSERT INTO `schema_migrations` (version) VALUES ('20121120005441')[0m
